#
# There is insufficient memory for the Java Runtime Environment to continue.
# Native memory allocation (malloc) failed to allocate 1747696 bytes for Chunk::new
# Possible reasons:
#   The system is out of physical RAM or swap space
#   In 32 bit mode, the process size limit was hit
# Possible solutions:
#   Reduce memory load on the system
#   Increase physical memory or swap space
#   Check if swap backing store is full
#   Use 64 bit Java on a 64 bit OS
#   Decrease Java heap size (-Xmx/-Xms)
#   Decrease number of Java threads
#   Decrease Java thread stack sizes (-Xss)
#   Set larger code cache with -XX:ReservedCodeCacheSize=
# This output file may be truncated or incomplete.
#
#  Out of Memory Error (allocation.cpp:390), pid=6380, tid=6776
#
# JRE version: Java(TM) SE Runtime Environment (8.0_31-b13) (build 1.8.0_31-b13)
# Java VM: Java HotSpot(TM) 64-Bit Server VM (25.31-b07 mixed mode windows-amd64 compressed oops)
# Failed to write core dump. Minidumps are not enabled by default on client versions of Windows
#

---------------  T H R E A D  ---------------

Current thread (0x0000000014b20000):  JavaThread "C2 CompilerThread1" daemon [_thread_in_native, id=6776, stack(0x0000000016180000,0x0000000016280000)]

Stack: [0x0000000016180000,0x0000000016280000]
Native frames: (J=compiled Java code, j=interpreted, Vv=VM code, C=native code)
V  [jvm.dll+0x3169ba]
V  [jvm.dll+0x2674c3]
V  [jvm.dll+0x268103]
V  [jvm.dll+0x25f8f5]
V  [jvm.dll+0xbf025]
V  [jvm.dll+0xbf4cc]
V  [jvm.dll+0x45df82]
V  [jvm.dll+0x49f21f]
V  [jvm.dll+0x453401]
V  [jvm.dll+0x454124]
V  [jvm.dll+0x437c62]
V  [jvm.dll+0x988e2]
V  [jvm.dll+0x990d3]
V  [jvm.dll+0x22c194]
V  [jvm.dll+0x28576a]
C  [msvcr100.dll+0x21d9f]
C  [msvcr100.dll+0x21e3b]
C  [KERNEL32.DLL+0x16ad]
C  [ntdll.dll+0x6e954]


Current CompileTask:
C2:   5679 1597       4       com.android.dx.rop.code.Rops::ropFor (771 bytes)


---------------  P R O C E S S  ---------------

Java Threads: ( => current thread )
  0x0000000014b7c000 JavaThread "Service Thread" daemon [_thread_blocked, id=1116, stack(0x0000000016780000,0x0000000016880000)]
  0x0000000014b6c000 JavaThread "C1 CompilerThread2" daemon [_thread_in_native, id=5180, stack(0x0000000016280000,0x0000000016380000)]
=>0x0000000014b20000 JavaThread "C2 CompilerThread1" daemon [_thread_in_native, id=6776, stack(0x0000000016180000,0x0000000016280000)]
  0x0000000014b1c800 JavaThread "C2 CompilerThread0" daemon [_thread_in_native, id=5440, stack(0x0000000016080000,0x0000000016180000)]
  0x0000000014b1a800 JavaThread "Attach Listener" daemon [_thread_blocked, id=2052, stack(0x0000000015f80000,0x0000000016080000)]
  0x0000000014b19800 JavaThread "Signal Dispatcher" daemon [_thread_blocked, id=6960, stack(0x0000000015e80000,0x0000000015f80000)]
  0x0000000014ae7800 JavaThread "Finalizer" daemon [_thread_blocked, id=4556, stack(0x0000000015d80000,0x0000000015e80000)]
  0x000000000243d800 JavaThread "Reference Handler" daemon [_thread_blocked, id=628, stack(0x0000000015c80000,0x0000000015d80000)]
  0x0000000002350800 JavaThread "main" [_thread_in_Java, id=7028, stack(0x00000000021a0000,0x00000000022a0000)]

Other Threads:
  0x0000000014ae5800 VMThread [stack: 0x0000000015b80000,0x0000000015c80000] [id=5244]
  0x0000000014b7e800 WatcherThread [stack: 0x0000000016880000,0x0000000016980000] [id=4608]

VM state:not at safepoint (normal execution)

VM Mutex/Monitor currently owned by a thread: None

Heap:
 PSYoungGen      total 51712K, used 39088K [0x00000000eab00000, 0x00000000ee100000, 0x0000000100000000)
  eden space 48128K, 73% used [0x00000000eab00000,0x00000000ecdacb08,0x00000000eda00000)
  from space 3584K, 99% used [0x00000000eda00000,0x00000000edd7f6a0,0x00000000edd80000)
  to   space 3584K, 0% used [0x00000000edd80000,0x00000000edd80000,0x00000000ee100000)
 ParOldGen       total 62976K, used 13487K [0x00000000c0000000, 0x00000000c3d80000, 0x00000000eab00000)
  object space 62976K, 21% used [0x00000000c0000000,0x00000000c0d2bc08,0x00000000c3d80000)
 Metaspace       used 5822K, capacity 7024K, committed 7296K, reserved 1056768K
  class space    used 550K, capacity 616K, committed 640K, reserved 1048576K

Card table byte_map: [0x0000000011810000,0x0000000011a20000] byte_map_base: 0x0000000011210000

Marking Bits: (ParMarkBitMap*) 0x000000005651d4f0
 Begin Bits: [0x0000000011f80000, 0x0000000012f80000)
 End Bits:   [0x0000000012f80000, 0x0000000013f80000)

Polling page: 0x00000000008b0000

CodeCache: size=245760Kb used=6840Kb max_used=6840Kb free=238919Kb
 bounds [0x0000000002450000, 0x0000000002b10000, 0x0000000011450000]
 total_blobs=1869 nmethods=1610 adapters=174
 compilation: enabled

Compilation events (10 events):
Event: 4.338 Thread 0x0000000014b6c000 1602       3       com.android.dx.cf.code.OneLocalsArray::makeInitialized (55 bytes)
Event: 4.339 Thread 0x0000000014b6c000 nmethod 1602 0x0000000002ae3c10 code [0x0000000002ae3dc0, 0x0000000002ae4458]
Event: 4.343 Thread 0x0000000014b6c000 1604       3       com.android.dx.rop.type.Type::getComponentType (70 bytes)
Event: 4.344 Thread 0x0000000014b6c000 nmethod 1604 0x0000000002ae2a50 code [0x0000000002ae2c60, 0x0000000002ae3768]
Event: 4.344 Thread 0x0000000014b6c000 1605       3       com.android.dx.rop.code.RegisterSpec::withLocalItem (41 bytes)
Event: 4.345 Thread 0x0000000014b6c000 nmethod 1605 0x0000000002ae2250 code [0x0000000002ae23e0, 0x0000000002ae28f8]
Event: 4.350 Thread 0x0000000014b6c000 1606       3       com.android.dx.rop.code.BasicBlockList$RegCountVisitor::visitThrowingInsn (6 bytes)
Event: 4.351 Thread 0x0000000014b6c000 nmethod 1606 0x0000000002acb150 code [0x0000000002acb2c0, 0x0000000002acb448]
Event: 4.354 Thread 0x0000000014b6c000 1607       3       java.lang.String::lastIndexOf (151 bytes)
Event: 4.354 Thread 0x0000000014b6c000 nmethod 1607 0x0000000002ae16d0 code [0x0000000002ae1880, 0x0000000002ae1dd0]

GC Heap History (4 events):
Event: 1.873 GC heap before
{Heap before GC invocations=1 (full 0):
 PSYoungGen      total 27648K, used 24064K [0x00000000eab00000, 0x00000000ec980000, 0x0000000100000000)
  eden space 24064K, 100% used [0x00000000eab00000,0x00000000ec280000,0x00000000ec280000)
  from space 3584K, 0% used [0x00000000ec600000,0x00000000ec600000,0x00000000ec980000)
  to   space 3584K, 0% used [0x00000000ec280000,0x00000000ec280000,0x00000000ec600000)
 ParOldGen       total 62976K, used 0K [0x00000000c0000000, 0x00000000c3d80000, 0x00000000eab00000)
  object space 62976K, 0% used [0x00000000c0000000,0x00000000c0000000,0x00000000c3d80000)
 Metaspace       used 5609K, capacity 6832K, committed 7040K, reserved 1056768K
  class space    used 547K, capacity 616K, committed 640K, reserved 1048576K
Event: 1.916 GC heap after
Heap after GC invocations=1 (full 0):
 PSYoungGen      total 27648K, used 3575K [0x00000000eab00000, 0x00000000ee100000, 0x0000000100000000)
  eden space 24064K, 0% used [0x00000000eab00000,0x00000000eab00000,0x00000000ec280000)
  from space 3584K, 99% used [0x00000000ec280000,0x00000000ec5fdc78,0x00000000ec600000)
  to   space 3584K, 0% used [0x00000000edd80000,0x00000000edd80000,0x00000000ee100000)
 ParOldGen       total 62976K, used 1651K [0x00000000c0000000, 0x00000000c3d80000, 0x00000000eab00000)
  object space 62976K, 2% used [0x00000000c0000000,0x00000000c019cc20,0x00000000c3d80000)
 Metaspace       used 5609K, capacity 6832K, committed 7040K, reserved 1056768K
  class space    used 547K, capacity 616K, committed 640K, reserved 1048576K
}
Event: 3.604 GC heap before
{Heap before GC invocations=2 (full 0):
 PSYoungGen      total 27648K, used 27639K [0x00000000eab00000, 0x00000000ee100000, 0x0000000100000000)
  eden space 24064K, 100% used [0x00000000eab00000,0x00000000ec280000,0x00000000ec280000)
  from space 3584K, 99% used [0x00000000ec280000,0x00000000ec5fdc78,0x00000000ec600000)
  to   space 3584K, 0% used [0x00000000edd80000,0x00000000edd80000,0x00000000ee100000)
 ParOldGen       total 62976K, used 1651K [0x00000000c0000000, 0x00000000c3d80000, 0x00000000eab00000)
  object space 62976K, 2% used [0x00000000c0000000,0x00000000c019cc20,0x00000000c3d80000)
 Metaspace       used 5779K, capacity 7024K, committed 7296K, reserved 1056768K
  class space    used 547K, capacity 616K, committed 640K, reserved 1048576K
Event: 3.633 GC heap after
Heap after GC invocations=2 (full 0):
 PSYoungGen      total 51712K, used 3559K [0x00000000eab00000, 0x00000000ee100000, 0x0000000100000000)
  eden space 48128K, 0% used [0x00000000eab00000,0x00000000eab00000,0x00000000eda00000)
  from space 3584K, 99% used [0x00000000edd80000,0x00000000ee0f9c78,0x00000000ee100000)
  to   space 3584K, 0% used [0x00000000eda00000,0x00000000eda00000,0x00000000edd80000)
 ParOldGen       total 62976K, used 5321K [0x00000000c0000000, 0x00000000c3d80000, 0x00000000eab00000)
  object space 62976K, 8% used [0x00000000c0000000,0x00000000c05327c0,0x00000000c3d80000)
 Metaspace       used 5779K, capacity 7024K, committed 7296K, reserved 1056768K
  class space    used 547K, capacity 616K, committed 640K, reserved 1048576K
}

Deoptimization events (10 events):
Event: 2.071 Thread 0x0000000002350800 Uncommon trap: reason=bimorphic action=maybe_recompile pc=0x000000000266f350 method=java.util.HashMap.getNode(ILjava/lang/Object;)Ljava/util/HashMap$Node; @ 126
Event: 2.073 Thread 0x0000000002350800 Uncommon trap: reason=class_check action=maybe_recompile pc=0x00000000028b9be4 method=com.android.dx.ssa.NormalSsaInsn.accept(Lcom/android/dx/ssa/SsaInsn$Visitor;)V @ 9
Event: 2.073 Thread 0x0000000002350800 Uncommon trap: reason=class_check action=maybe_recompile pc=0x0000000002719870 method=com.android.dx.ssa.NormalSsaInsn.accept(Lcom/android/dx/ssa/SsaInsn$Visitor;)V @ 9
Event: 2.216 Thread 0x0000000002350800 Uncommon trap: reason=class_check action=maybe_recompile pc=0x000000000274be8c method=com.android.dx.ssa.NormalSsaInsn.accept(Lcom/android/dx/ssa/SsaInsn$Visitor;)V @ 9
Event: 2.930 Thread 0x0000000002350800 Uncommon trap: reason=class_check action=maybe_recompile pc=0x00000000029c9a88 method=com.android.dx.ssa.SsaMethod.isRegALocal(Lcom/android/dx/rop/code/RegisterSpec;)Z @ 16
Event: 2.931 Thread 0x0000000002350800 Uncommon trap: reason=class_check action=maybe_recompile pc=0x00000000029c9a88 method=com.android.dx.ssa.SsaMethod.isRegALocal(Lcom/android/dx/rop/code/RegisterSpec;)Z @ 16
Event: 2.931 Thread 0x0000000002350800 Uncommon trap: reason=class_check action=maybe_recompile pc=0x00000000029c9a88 method=com.android.dx.ssa.SsaMethod.isRegALocal(Lcom/android/dx/rop/code/RegisterSpec;)Z @ 16
Event: 2.931 Thread 0x0000000002350800 Uncommon trap: reason=class_check action=maybe_recompile pc=0x00000000029c9a88 method=com.android.dx.ssa.SsaMethod.isRegALocal(Lcom/android/dx/rop/code/RegisterSpec;)Z @ 16
Event: 3.603 Thread 0x0000000002350800 Uncommon trap: reason=class_check action=maybe_recompile pc=0x00000000029a78c4 method=com.android.dx.ssa.SCCP.setLatticeValueTo(IILcom/android/dx/rop/cst/Constant;)Z @ 43
Event: 3.603 Thread 0x0000000002350800 Uncommon trap: reason=class_check action=maybe_recompile pc=0x00000000029a78c4 method=com.android.dx.ssa.SCCP.setLatticeValueTo(IILcom/android/dx/rop/cst/Constant;)Z @ 43

Internal exceptions (10 events):
Event: 0.770 Thread 0x0000000002350800 Exception <a 'java/security/PrivilegedActionException'> (0x00000000eb435d10) thrown at [C:\workspace\8-2-build-windows-amd64-cygwin\jdk8u31\2394\hotspot\src\share\vm\prims\jvm.cpp, line 1312]
Event: 0.771 Thread 0x0000000002350800 Exception <a 'java/security/PrivilegedActionException'> (0x00000000eb440408) thrown at [C:\workspace\8-2-build-windows-amd64-cygwin\jdk8u31\2394\hotspot\src\share\vm\prims\jvm.cpp, line 1312]
Event: 0.771 Thread 0x0000000002350800 Exception <a 'java/security/PrivilegedActionException'> (0x00000000eb4449e0) thrown at [C:\workspace\8-2-build-windows-amd64-cygwin\jdk8u31\2394\hotspot\src\share\vm\prims\jvm.cpp, line 1312]
Event: 0.772 Thread 0x0000000002350800 Exception <a 'java/security/PrivilegedActionException'> (0x00000000eb448668) thrown at [C:\workspace\8-2-build-windows-amd64-cygwin\jdk8u31\2394\hotspot\src\share\vm\prims\jvm.cpp, line 1312]
Event: 0.824 Thread 0x0000000002350800 Exception <a 'java/security/PrivilegedActionException'> (0x00000000eb456848) thrown at [C:\workspace\8-2-build-windows-amd64-cygwin\jdk8u31\2394\hotspot\src\share\vm\prims\jvm.cpp, line 1312]
Event: 0.831 Thread 0x0000000002350800 Exception <a 'java/security/PrivilegedActionException'> (0x00000000eb470870) thrown at [C:\workspace\8-2-build-windows-amd64-cygwin\jdk8u31\2394\hotspot\src\share\vm\prims\jvm.cpp, line 1312]
Event: 1.140 Thread 0x0000000002350800 Exception <a 'java/security/PrivilegedActionException'> (0x00000000eb6b6130) thrown at [C:\workspace\8-2-build-windows-amd64-cygwin\jdk8u31\2394\hotspot\src\share\vm\prims\jvm.cpp, line 1312]
Event: 1.575 Thread 0x0000000002350800 Exception <a 'java/security/PrivilegedActionException'> (0x00000000ebcc6570) thrown at [C:\workspace\8-2-build-windows-amd64-cygwin\jdk8u31\2394\hotspot\src\share\vm\prims\jvm.cpp, line 1312]
Event: 1.575 Thread 0x0000000002350800 Exception <a 'java/security/PrivilegedActionException'> (0x00000000ebcc9a40) thrown at [C:\workspace\8-2-build-windows-amd64-cygwin\jdk8u31\2394\hotspot\src\share\vm\prims\jvm.cpp, line 1312]
Event: 1.853 Thread 0x0000000002350800 Exception <a 'java/security/PrivilegedActionException'> (0x00000000ec23dd78) thrown at [C:\workspace\8-2-build-windows-amd64-cygwin\jdk8u31\2394\hotspot\src\share\vm\prims\jvm.cpp, line 1312]

Events (10 events):
Event: 3.603 Thread 0x0000000002350800 DEOPT UNPACKING pc=0x000000000249556a sp=0x000000000229e978 mode 2
Event: 3.603 Thread 0x0000000002350800 Uncommon trap: trap_request=0xffffffde fr.pc=0x00000000029a78c4
Event: 3.603 Thread 0x0000000002350800 DEOPT PACKING pc=0x00000000029a78c4 sp=0x000000000229ea20
Event: 3.603 Thread 0x0000000002350800 DEOPT UNPACKING pc=0x000000000249556a sp=0x000000000229e978 mode 2
Event: 3.603 Thread 0x0000000002350800 DEOPT PACKING pc=0x000000000297c477 sp=0x000000000229ea30
Event: 3.603 Thread 0x0000000002350800 DEOPT UNPACKING pc=0x00000000024971bf sp=0x000000000229e7a0 mode 0
Event: 3.604 Executing VM operation: ParallelGCFailedAllocation
Event: 3.633 Executing VM operation: ParallelGCFailedAllocation done
Event: 4.217 Executing VM operation: EnableBiasedLocking
Event: 4.224 Executing VM operation: EnableBiasedLocking done


Dynamic libraries:
0x00007ff7da0a0000 - 0x00007ff7da0d4000 	C:\Program Files\Java\jdk1.8.0_31\bin\java.exe
0x00007fff40620000 - 0x00007fff407cc000 	C:\Windows\SYSTEM32\ntdll.dll
0x00007fff3fea0000 - 0x00007fff3ffda000 	C:\Windows\system32\KERNEL32.DLL
0x00007fff3dc60000 - 0x00007fff3dd6f000 	C:\Windows\system32\KERNELBASE.dll
0x00007fff3c470000 - 0x00007fff3c4f8000 	C:\Windows\system32\apphelp.dll
0x00007fff38a80000 - 0x00007fff38acf000 	C:\Windows\AppPatch\AppPatch64\AcGenral.DLL
0x00007fff40210000 - 0x00007fff402b7000 	C:\Windows\system32\msvcrt.dll
0x00007fff3d630000 - 0x00007fff3d65b000 	C:\Windows\SYSTEM32\SspiCli.dll
0x00007fff405c0000 - 0x00007fff40611000 	C:\Windows\system32\SHLWAPI.dll
0x00007fff3ffe0000 - 0x00007fff40151000 	C:\Windows\system32\USER32.dll
0x00007fff3f420000 - 0x00007fff3f598000 	C:\Windows\system32\ole32.dll
0x00007fff3dee0000 - 0x00007fff3f3f8000 	C:\Windows\system32\SHELL32.dll
0x00007fff3ce50000 - 0x00007fff3ce6e000 	C:\Windows\SYSTEM32\USERENV.dll
0x00007fff40510000 - 0x00007fff405b5000 	C:\Windows\system32\ADVAPI32.dll
0x00007fff340b0000 - 0x00007fff340cb000 	C:\Windows\SYSTEM32\MPR.dll
0x00007fff3f790000 - 0x00007fff3f8c7000 	C:\Windows\system32\RPCRT4.dll
0x00007fff3f8d0000 - 0x00007fff3f927000 	C:\Windows\SYSTEM32\sechost.dll
0x00007fff3f930000 - 0x00007fff3fb06000 	C:\Windows\SYSTEM32\combase.dll
0x00007fff3fd50000 - 0x00007fff3fe94000 	C:\Windows\system32\GDI32.dll
0x00007fff3d860000 - 0x00007fff3d874000 	C:\Windows\SYSTEM32\profapi.dll
0x00007fff3bca0000 - 0x00007fff3bd52000 	C:\Windows\SYSTEM32\SHCORE.dll
0x00007fff401d0000 - 0x00007fff40204000 	C:\Windows\system32\IMM32.DLL
0x00007fff3dd80000 - 0x00007fff3ded1000 	C:\Windows\system32\MSCTF.dll
0x00007fff3b040000 - 0x00007fff3b29a000 	C:\Windows\WinSxS\amd64_microsoft.windows.common-controls_6595b64144ccf1df_6.0.9600.17031_none_6242a4b3ecbb55a1\COMCTL32.dll
0x0000000055880000 - 0x0000000055952000 	C:\Program Files\Java\jdk1.8.0_31\jre\bin\msvcr100.dll
0x0000000055d40000 - 0x000000005659a000 	C:\Program Files\Java\jdk1.8.0_31\jre\bin\server\jvm.dll
0x00007fff3b720000 - 0x00007fff3b729000 	C:\Windows\SYSTEM32\WSOCK32.dll
0x00007fff399d0000 - 0x00007fff399ef000 	C:\Windows\SYSTEM32\WINMM.dll
0x00007fff40500000 - 0x00007fff40507000 	C:\Windows\system32\PSAPI.DLL
0x00007fff403d0000 - 0x00007fff40428000 	C:\Windows\system32\WS2_32.dll
0x00007fff38860000 - 0x00007fff3888a000 	C:\Windows\SYSTEM32\WINMMBASE.dll
0x00007fff3dd70000 - 0x00007fff3dd79000 	C:\Windows\system32\NSI.dll
0x00007fff3dc10000 - 0x00007fff3dc5a000 	C:\Windows\SYSTEM32\cfgmgr32.dll
0x00007fff3c6f0000 - 0x00007fff3c716000 	C:\Windows\SYSTEM32\DEVOBJ.dll
0x0000000055d30000 - 0x0000000055d3f000 	C:\Program Files\Java\jdk1.8.0_31\jre\bin\verify.dll
0x0000000055d00000 - 0x0000000055d28000 	C:\Program Files\Java\jdk1.8.0_31\jre\bin\java.dll
0x0000000055ce0000 - 0x0000000055cf6000 	C:\Program Files\Java\jdk1.8.0_31\jre\bin\zip.dll
0x00007fff33850000 - 0x00007fff339d8000 	C:\Windows\SYSTEM32\dbghelp.dll

VM Arguments:
jvm_args: -Xmx1024M -Dfile.encoding=windows-1252 -Duser.country=BR -Duser.language=pt -Duser.variant 
java_command: com.android.dx.command.Main --dex --output C:\Users\paulo_000\AndroidStudioProjects\android-play-location-master\ExemploMapas\app\build\intermediates\pre-dexed\debug\classes-8ead45906c2236b483ad261a493579516a97bbfb.jar C:\Users\paulo_000\AndroidStudioProjects\android-play-location-master\ExemploMapas\app\build\intermediates\exploded-aar\com.google.android.gms\play-services-games\7.0.0\classes.jar
java_class_path (initial): C:\Users\paulo_000\AppData\Local\Android\sdk\build-tools\21.1.2\lib\dx.jar
Launcher Type: SUN_STANDARD

Environment Variables:
PATH=C:\ProgramData\Oracle\Java\javapath;C:\Windows\system32;C:\Windows;C:\Windows\System32\Wbem;C:\Windows\System32\WindowsPowerShell\v1.0\;C:\Program Files (x86)\Skype\Phone\
USERNAME=paulo_000
OS=Windows_NT
PROCESSOR_IDENTIFIER=Intel64 Family 6 Model 37 Stepping 5, GenuineIntel



---------------  S Y S T E M  ---------------

OS: Windows 8.1 , 64 bit Build 9600 

CPU:total 4 (2 cores per cpu, 2 threads per core) family 6 model 37 stepping 5, cmov, cx8, fxsr, mmx, sse, sse2, sse3, ssse3, sse4.1, sse4.2, popcnt, ht, tsc, tscinvbit

Memory: 4k page, physical 6020212k(848240k free), swap 7003252k(764k free)

vm_info: Java HotSpot(TM) 64-Bit Server VM (25.31-b07) for windows-amd64 JRE (1.8.0_31-b13), built on Dec 17 2014 21:00:28 by "java_re" with MS VC++ 10.0 (VS2010)

time: Tue Apr 21 19:18:33 2015
elapsed time: 5 seconds (0d 0h 0m 5s)

