#
# There is insufficient memory for the Java Runtime Environment to continue.
# Native memory allocation (malloc) failed to allocate 840816 bytes for Chunk::new
# Possible reasons:
#   The system is out of physical RAM or swap space
#   In 32 bit mode, the process size limit was hit
# Possible solutions:
#   Reduce memory load on the system
#   Increase physical memory or swap space
#   Check if swap backing store is full
#   Use 64 bit Java on a 64 bit OS
#   Decrease Java heap size (-Xmx/-Xms)
#   Decrease number of Java threads
#   Decrease Java thread stack sizes (-Xss)
#   Set larger code cache with -XX:ReservedCodeCacheSize=
# This output file may be truncated or incomplete.
#
#  Out of Memory Error (allocation.cpp:390), pid=5720, tid=3624
#
# JRE version: Java(TM) SE Runtime Environment (8.0_31-b13) (build 1.8.0_31-b13)
# Java VM: Java HotSpot(TM) 64-Bit Server VM (25.31-b07 mixed mode windows-amd64 compressed oops)
# Failed to write core dump. Minidumps are not enabled by default on client versions of Windows
#

---------------  T H R E A D  ---------------

Current thread (0x000000001500c800):  JavaThread "C2 CompilerThread0" daemon [_thread_in_native, id=3624, stack(0x0000000016570000,0x0000000016670000)]

Stack: [0x0000000016570000,0x0000000016670000]
Native frames: (J=compiled Java code, j=interpreted, Vv=VM code, C=native code)
V  [jvm.dll+0x3169ba]
V  [jvm.dll+0x2674c3]
V  [jvm.dll+0x268103]
V  [jvm.dll+0x25f8f5]
V  [jvm.dll+0xbf025]
V  [jvm.dll+0xbf4cc]
V  [jvm.dll+0x4798bc]
V  [jvm.dll+0x446e60]
V  [jvm.dll+0x451bce]
V  [jvm.dll+0x4541b8]
V  [jvm.dll+0x437c62]
V  [jvm.dll+0x988e2]
V  [jvm.dll+0x990d3]
V  [jvm.dll+0x22c194]
V  [jvm.dll+0x28576a]
C  [msvcr100.dll+0x21d9f]
C  [msvcr100.dll+0x21e3b]
C  [KERNEL32.DLL+0x16ad]
C  [ntdll.dll+0x6e954]


Current CompileTask:
C2:   5549 1376   !   4       com.android.dx.cf.code.RopperMachine::run (1550 bytes)


---------------  P R O C E S S  ---------------

Java Threads: ( => current thread )
  0x000000001506b000 JavaThread "Service Thread" daemon [_thread_blocked, id=6908, stack(0x0000000016870000,0x0000000016970000)]
  0x0000000015064000 JavaThread "C1 CompilerThread2" daemon [_thread_blocked, id=2808, stack(0x0000000016770000,0x0000000016870000)]
  0x000000001505e000 JavaThread "C2 CompilerThread1" daemon [_thread_in_native, id=6332, stack(0x0000000016670000,0x0000000016770000)]
=>0x000000001500c800 JavaThread "C2 CompilerThread0" daemon [_thread_in_native, id=3624, stack(0x0000000016570000,0x0000000016670000)]
  0x000000001500a800 JavaThread "Attach Listener" daemon [_thread_blocked, id=6604, stack(0x0000000016470000,0x0000000016570000)]
  0x0000000015009800 JavaThread "Signal Dispatcher" daemon [_thread_blocked, id=4336, stack(0x0000000016370000,0x0000000016470000)]
  0x0000000002935800 JavaThread "Finalizer" daemon [_thread_blocked, id=6464, stack(0x0000000016270000,0x0000000016370000)]
  0x0000000014fd8800 JavaThread "Reference Handler" daemon [_thread_blocked, id=3640, stack(0x0000000016170000,0x0000000016270000)]
  0x0000000002840800 JavaThread "main" [_thread_in_native, id=6696, stack(0x0000000002700000,0x0000000002800000)]

Other Threads:
  0x0000000014fd6800 VMThread [stack: 0x0000000016070000,0x0000000016170000] [id=1076]
  0x000000001506e000 WatcherThread [stack: 0x0000000016970000,0x0000000016a70000] [id=4724]

VM state:not at safepoint (normal execution)

VM Mutex/Monitor currently owned by a thread: None

Heap:
 PSYoungGen      total 27648K, used 19332K [0x00000000eab00000, 0x00000000ec980000, 0x0000000100000000)
  eden space 24064K, 65% used [0x00000000eab00000,0x00000000eba613b0,0x00000000ec280000)
  from space 3584K, 100% used [0x00000000ec280000,0x00000000ec600000,0x00000000ec600000)
  to   space 3584K, 0% used [0x00000000ec600000,0x00000000ec600000,0x00000000ec980000)
 ParOldGen       total 48128K, used 5908K [0x00000000c0000000, 0x00000000c2f00000, 0x00000000eab00000)
  object space 48128K, 12% used [0x00000000c0000000,0x00000000c05c5328,0x00000000c2f00000)
 Metaspace       used 6460K, capacity 7408K, committed 7552K, reserved 1058816K
  class space    used 601K, capacity 616K, committed 640K, reserved 1048576K

Card table byte_map: [0x0000000011d00000,0x0000000011f10000] byte_map_base: 0x0000000011700000

Marking Bits: (ParMarkBitMap*) 0x000000005651d4f0
 Begin Bits: [0x0000000012470000, 0x0000000013470000)
 End Bits:   [0x0000000013470000, 0x0000000014470000)

Polling page: 0x0000000000e00000

CodeCache: size=245760Kb used=7592Kb max_used=7592Kb free=238167Kb
 bounds [0x0000000002940000, 0x00000000030b0000, 0x0000000011940000]
 total_blobs=2198 nmethods=1931 adapters=182
 compilation: enabled

Compilation events (10 events):
Event: 4.387 Thread 0x0000000015064000 nmethod 1389 0x0000000002eec410 code [0x0000000002eec620, 0x0000000002eecf98]
Event: 4.387 Thread 0x0000000015064000 1390       3       com.android.dx.ssa.Dominators::<init> (55 bytes)
Event: 4.388 Thread 0x0000000015064000 nmethod 1390 0x0000000002eebad0 code [0x0000000002eebc60, 0x0000000002eec1b0]
Event: 4.393 Thread 0x0000000015064000 1391       3       com.android.dx.ssa.Optimizer::runSsaFormSteps (117 bytes)
Event: 4.395 Thread 0x0000000015064000 nmethod 1391 0x0000000002efae50 code [0x0000000002efb200, 0x0000000002efcb98]
Event: 4.396 Thread 0x0000000015064000 1392       3       com.android.dx.ssa.MoveParamCombiner$1::<init> (20 bytes)
Event: 4.396 Thread 0x0000000015064000 nmethod 1392 0x0000000002ee3090 code [0x0000000002ee31e0, 0x0000000002ee33d0]
Event: 4.396 Thread 0x0000000015064000 1393       3       com.android.dx.ssa.back.SsaToRop::convertToRopMethod (13 bytes)
Event: 4.397 Thread 0x0000000015064000 nmethod 1393 0x0000000002eeb510 code [0x0000000002eeb6a0, 0x0000000002eeb978]
Event: 4.397 Thread 0x0000000015064000 1394       3       com.android.dx.ssa.back.FirstFitLocalCombiningAllocator::<init> (141 bytes)

GC Heap History (2 events):
Event: 2.915 GC heap before
{Heap before GC invocations=1 (full 0):
 PSYoungGen      total 27648K, used 24064K [0x00000000eab00000, 0x00000000ec980000, 0x0000000100000000)
  eden space 24064K, 100% used [0x00000000eab00000,0x00000000ec280000,0x00000000ec280000)
  from space 3584K, 0% used [0x00000000ec600000,0x00000000ec600000,0x00000000ec980000)
  to   space 3584K, 0% used [0x00000000ec280000,0x00000000ec280000,0x00000000ec600000)
 ParOldGen       total 62976K, used 0K [0x00000000c0000000, 0x00000000c3d80000, 0x00000000eab00000)
  object space 62976K, 0% used [0x00000000c0000000,0x00000000c0000000,0x00000000c3d80000)
 Metaspace       used 5617K, capacity 6896K, committed 7040K, reserved 1056768K
  class space    used 547K, capacity 616K, committed 640K, reserved 1048576K
Event: 2.925 GC heap after
Heap after GC invocations=1 (full 0):
 PSYoungGen      total 27648K, used 3575K [0x00000000eab00000, 0x00000000ec980000, 0x0000000100000000)
  eden space 24064K, 0% used [0x00000000eab00000,0x00000000eab00000,0x00000000ec280000)
  from space 3584K, 99% used [0x00000000ec280000,0x00000000ec5fdc78,0x00000000ec600000)
  to   space 3584K, 0% used [0x00000000ec600000,0x00000000ec600000,0x00000000ec980000)
 ParOldGen       total 62976K, used 1559K [0x00000000c0000000, 0x00000000c3d80000, 0x00000000eab00000)
  object space 62976K, 2% used [0x00000000c0000000,0x00000000c0185c90,0x00000000c3d80000)
 Metaspace       used 5617K, capacity 6896K, committed 7040K, reserved 1056768K
  class space    used 547K, capacity 616K, committed 640K, reserved 1048576K
}

Deoptimization events (9 events):
Event: 2.173 Thread 0x0000000002840800 Uncommon trap: reason=bimorphic action=maybe_recompile pc=0x0000000002bdcf2c method=java.util.HashMap.getNode(ILjava/lang/Object;)Ljava/util/HashMap$Node; @ 126
Event: 3.320 Thread 0x0000000002840800 Uncommon trap: reason=unreached action=reinterpret pc=0x0000000002db6f34 method=com.android.dx.cf.code.Merger.mergeType(Lcom/android/dx/rop/type/TypeBearer;Lcom/android/dx/rop/type/TypeBearer;)Lcom/android/dx/rop/type/TypeBearer; @ 68
Event: 3.560 Thread 0x0000000002840800 Uncommon trap: reason=class_check action=maybe_recompile pc=0x0000000002e92864 method=com.android.dx.ssa.SCCP.setLatticeValueTo(IILcom/android/dx/rop/cst/Constant;)Z @ 43
Event: 3.560 Thread 0x0000000002840800 Uncommon trap: reason=class_check action=maybe_recompile pc=0x0000000002e92864 method=com.android.dx.ssa.SCCP.setLatticeValueTo(IILcom/android/dx/rop/cst/Constant;)Z @ 43
Event: 3.562 Thread 0x0000000002840800 Uncommon trap: reason=class_check action=maybe_recompile pc=0x0000000002c52b90 method=com.android.dx.ssa.NormalSsaInsn.accept(Lcom/android/dx/ssa/SsaInsn$Visitor;)V @ 9
Event: 3.562 Thread 0x0000000002840800 Uncommon trap: reason=class_check action=maybe_recompile pc=0x0000000002c52b90 method=com.android.dx.ssa.NormalSsaInsn.accept(Lcom/android/dx/ssa/SsaInsn$Visitor;)V @ 9
Event: 3.562 Thread 0x0000000002840800 Uncommon trap: reason=class_check action=maybe_recompile pc=0x0000000002c52b90 method=com.android.dx.ssa.NormalSsaInsn.accept(Lcom/android/dx/ssa/SsaInsn$Visitor;)V @ 9
Event: 3.562 Thread 0x0000000002840800 Uncommon trap: reason=class_check action=maybe_recompile pc=0x0000000002c52b90 method=com.android.dx.ssa.NormalSsaInsn.accept(Lcom/android/dx/ssa/SsaInsn$Visitor;)V @ 9
Event: 3.955 Thread 0x0000000002840800 Uncommon trap: reason=unloaded action=reinterpret pc=0x0000000002ebe184 method=com.android.dx.cf.cst.ConstantPoolParser.parse0(ILjava/util/BitSet;)Lcom/android/dx/rop/cst/Constant; @ 475

Internal exceptions (10 events):
Event: 1.150 Thread 0x0000000002840800 Exception <a 'java/security/PrivilegedActionException'> (0x00000000eb411858) thrown at [C:\workspace\8-2-build-windows-amd64-cygwin\jdk8u31\2394\hotspot\src\share\vm\prims\jvm.cpp, line 1312]
Event: 1.151 Thread 0x0000000002840800 Exception <a 'java/security/PrivilegedActionException'> (0x00000000eb416a70) thrown at [C:\workspace\8-2-build-windows-amd64-cygwin\jdk8u31\2394\hotspot\src\share\vm\prims\jvm.cpp, line 1312]
Event: 1.152 Thread 0x0000000002840800 Exception <a 'java/security/PrivilegedActionException'> (0x00000000eb41d5c8) thrown at [C:\workspace\8-2-build-windows-amd64-cygwin\jdk8u31\2394\hotspot\src\share\vm\prims\jvm.cpp, line 1312]
Event: 1.153 Thread 0x0000000002840800 Exception <a 'java/security/PrivilegedActionException'> (0x00000000eb422cc0) thrown at [C:\workspace\8-2-build-windows-amd64-cygwin\jdk8u31\2394\hotspot\src\share\vm\prims\jvm.cpp, line 1312]
Event: 1.210 Thread 0x0000000002840800 Exception <a 'java/security/PrivilegedActionException'> (0x00000000eb48a510) thrown at [C:\workspace\8-2-build-windows-amd64-cygwin\jdk8u31\2394\hotspot\src\share\vm\prims\jvm.cpp, line 1312]
Event: 1.320 Thread 0x0000000002840800 Exception <a 'java/security/PrivilegedActionException'> (0x00000000eb574b80) thrown at [C:\workspace\8-2-build-windows-amd64-cygwin\jdk8u31\2394\hotspot\src\share\vm\prims\jvm.cpp, line 1312]
Event: 1.508 Thread 0x0000000002840800 Exception <a 'java/security/PrivilegedActionException'> (0x00000000eb6ec4f8) thrown at [C:\workspace\8-2-build-windows-amd64-cygwin\jdk8u31\2394\hotspot\src\share\vm\prims\jvm.cpp, line 1312]
Event: 1.511 Thread 0x0000000002840800 Exception <a 'java/security/PrivilegedActionException'> (0x00000000eb6f6648) thrown at [C:\workspace\8-2-build-windows-amd64-cygwin\jdk8u31\2394\hotspot\src\share\vm\prims\jvm.cpp, line 1312]
Event: 1.511 Thread 0x0000000002840800 Exception <a 'java/security/PrivilegedActionException'> (0x00000000eb6f8c00) thrown at [C:\workspace\8-2-build-windows-amd64-cygwin\jdk8u31\2394\hotspot\src\share\vm\prims\jvm.cpp, line 1312]
Event: 2.023 Thread 0x0000000002840800 Exception <a 'java/security/PrivilegedActionException'> (0x00000000ebcc4e90) thrown at [C:\workspace\8-2-build-windows-amd64-cygwin\jdk8u31\2394\hotspot\src\share\vm\prims\jvm.cpp, line 1312]

Events (10 events):
Event: 3.562 Thread 0x0000000002840800 DEOPT PACKING pc=0x0000000002c52b90 sp=0x00000000027fe7b0
Event: 3.562 Thread 0x0000000002840800 DEOPT UNPACKING pc=0x000000000298556a sp=0x00000000027fe7c0 mode 2
Event: 3.562 Thread 0x0000000002840800 Uncommon trap: trap_request=0xffffffde fr.pc=0x0000000002c52b90
Event: 3.562 Thread 0x0000000002840800 DEOPT PACKING pc=0x0000000002c52b90 sp=0x00000000027fe7b0
Event: 3.562 Thread 0x0000000002840800 DEOPT UNPACKING pc=0x000000000298556a sp=0x00000000027fe7c0 mode 2
Event: 3.955 Thread 0x0000000002840800 Uncommon trap: trap_request=0x0000003f fr.pc=0x0000000002ebe184
Event: 3.955 Thread 0x0000000002840800 DEOPT PACKING pc=0x0000000002ebe184 sp=0x00000000027feb80
Event: 3.955 Thread 0x0000000002840800 DEOPT UNPACKING pc=0x000000000298556a sp=0x00000000027feb48 mode 2
Event: 4.208 Executing VM operation: EnableBiasedLocking
Event: 4.262 Executing VM operation: EnableBiasedLocking done


Dynamic libraries:
0x00007ff7da0a0000 - 0x00007ff7da0d4000 	C:\Program Files\Java\jdk1.8.0_31\bin\java.exe
0x00007fff40620000 - 0x00007fff407cc000 	C:\Windows\SYSTEM32\ntdll.dll
0x00007fff3fea0000 - 0x00007fff3ffda000 	C:\Windows\system32\KERNEL32.DLL
0x00007fff3dc60000 - 0x00007fff3dd6f000 	C:\Windows\system32\KERNELBASE.dll
0x00007fff3c470000 - 0x00007fff3c4f8000 	C:\Windows\system32\apphelp.dll
0x00007fff38a80000 - 0x00007fff38acf000 	C:\Windows\AppPatch\AppPatch64\AcGenral.DLL
0x00007fff40210000 - 0x00007fff402b7000 	C:\Windows\system32\msvcrt.dll
0x00007fff3d630000 - 0x00007fff3d65b000 	C:\Windows\SYSTEM32\SspiCli.dll
0x00007fff405c0000 - 0x00007fff40611000 	C:\Windows\system32\SHLWAPI.dll
0x00007fff3ffe0000 - 0x00007fff40151000 	C:\Windows\system32\USER32.dll
0x00007fff3f420000 - 0x00007fff3f598000 	C:\Windows\system32\ole32.dll
0x00007fff3dee0000 - 0x00007fff3f3f8000 	C:\Windows\system32\SHELL32.dll
0x00007fff3ce50000 - 0x00007fff3ce6e000 	C:\Windows\SYSTEM32\USERENV.dll
0x00007fff40510000 - 0x00007fff405b5000 	C:\Windows\system32\ADVAPI32.dll
0x00007fff340b0000 - 0x00007fff340cb000 	C:\Windows\SYSTEM32\MPR.dll
0x00007fff3f790000 - 0x00007fff3f8c7000 	C:\Windows\system32\RPCRT4.dll
0x00007fff3f8d0000 - 0x00007fff3f927000 	C:\Windows\SYSTEM32\sechost.dll
0x00007fff3f930000 - 0x00007fff3fb06000 	C:\Windows\SYSTEM32\combase.dll
0x00007fff3fd50000 - 0x00007fff3fe94000 	C:\Windows\system32\GDI32.dll
0x00007fff3d860000 - 0x00007fff3d874000 	C:\Windows\SYSTEM32\profapi.dll
0x00007fff3bca0000 - 0x00007fff3bd52000 	C:\Windows\SYSTEM32\SHCORE.dll
0x00007fff401d0000 - 0x00007fff40204000 	C:\Windows\system32\IMM32.DLL
0x00007fff3dd80000 - 0x00007fff3ded1000 	C:\Windows\system32\MSCTF.dll
0x00007fff3b040000 - 0x00007fff3b29a000 	C:\Windows\WinSxS\amd64_microsoft.windows.common-controls_6595b64144ccf1df_6.0.9600.17031_none_6242a4b3ecbb55a1\COMCTL32.dll
0x0000000055880000 - 0x0000000055952000 	C:\Program Files\Java\jdk1.8.0_31\jre\bin\msvcr100.dll
0x0000000055d40000 - 0x000000005659a000 	C:\Program Files\Java\jdk1.8.0_31\jre\bin\server\jvm.dll
0x00007fff3b720000 - 0x00007fff3b729000 	C:\Windows\SYSTEM32\WSOCK32.dll
0x00007fff399d0000 - 0x00007fff399ef000 	C:\Windows\SYSTEM32\WINMM.dll
0x00007fff40500000 - 0x00007fff40507000 	C:\Windows\system32\PSAPI.DLL
0x00007fff403d0000 - 0x00007fff40428000 	C:\Windows\system32\WS2_32.dll
0x00007fff38860000 - 0x00007fff3888a000 	C:\Windows\SYSTEM32\WINMMBASE.dll
0x00007fff3dd70000 - 0x00007fff3dd79000 	C:\Windows\system32\NSI.dll
0x00007fff3dc10000 - 0x00007fff3dc5a000 	C:\Windows\SYSTEM32\cfgmgr32.dll
0x00007fff3c6f0000 - 0x00007fff3c716000 	C:\Windows\SYSTEM32\DEVOBJ.dll
0x0000000055d30000 - 0x0000000055d3f000 	C:\Program Files\Java\jdk1.8.0_31\jre\bin\verify.dll
0x0000000055d00000 - 0x0000000055d28000 	C:\Program Files\Java\jdk1.8.0_31\jre\bin\java.dll
0x0000000055ce0000 - 0x0000000055cf6000 	C:\Program Files\Java\jdk1.8.0_31\jre\bin\zip.dll
0x00007fff33850000 - 0x00007fff339d8000 	C:\Windows\SYSTEM32\dbghelp.dll

VM Arguments:
jvm_args: -Xmx1024M -Dfile.encoding=windows-1252 -Duser.country=BR -Duser.language=pt -Duser.variant 
java_command: com.android.dx.command.Main --dex --output C:\Users\paulo_000\AndroidStudioProjects\android-play-location-master\ExemploMapas\app\build\intermediates\pre-dexed\debug\classes-eb46a2eb5a38cf7d3c8d11e6e41c6dca1a8530d7.jar C:\Users\paulo_000\AndroidStudioProjects\android-play-location-master\ExemploMapas\app\build\intermediates\exploded-aar\com.google.android.gms\play-services-wallet\7.0.0\classes.jar
java_class_path (initial): C:\Users\paulo_000\AppData\Local\Android\sdk\build-tools\21.1.2\lib\dx.jar
Launcher Type: SUN_STANDARD

Environment Variables:
PATH=C:\ProgramData\Oracle\Java\javapath;C:\Windows\system32;C:\Windows;C:\Windows\System32\Wbem;C:\Windows\System32\WindowsPowerShell\v1.0\;C:\Program Files (x86)\Skype\Phone\
USERNAME=paulo_000
OS=Windows_NT
PROCESSOR_IDENTIFIER=Intel64 Family 6 Model 37 Stepping 5, GenuineIntel



---------------  S Y S T E M  ---------------

OS: Windows 8.1 , 64 bit Build 9600 

CPU:total 4 (2 cores per cpu, 2 threads per core) family 6 model 37 stepping 5, cmov, cx8, fxsr, mmx, sse, sse2, sse3, ssse3, sse4.1, sse4.2, popcnt, ht, tsc, tscinvbit

Memory: 4k page, physical 6020212k(848244k free), swap 7003252k(748k free)

vm_info: Java HotSpot(TM) 64-Bit Server VM (25.31-b07) for windows-amd64 JRE (1.8.0_31-b13), built on Dec 17 2014 21:00:28 by "java_re" with MS VC++ 10.0 (VS2010)

time: Tue Apr 21 19:18:33 2015
elapsed time: 5 seconds (0d 0h 0m 5s)

