#
# There is insufficient memory for the Java Runtime Environment to continue.
# Native memory allocation (malloc) failed to allocate 16384 bytes for AllocateHeap
# Possible reasons:
#   The system is out of physical RAM or swap space
#   In 32 bit mode, the process size limit was hit
# Possible solutions:
#   Reduce memory load on the system
#   Increase physical memory or swap space
#   Check if swap backing store is full
#   Use 64 bit Java on a 64 bit OS
#   Decrease Java heap size (-Xmx/-Xms)
#   Decrease number of Java threads
#   Decrease Java thread stack sizes (-Xss)
#   Set larger code cache with -XX:ReservedCodeCacheSize=
# This output file may be truncated or incomplete.
#
#  Out of Memory Error (memory/allocation.inline.hpp:62), pid=6504, tid=5736
#
# JRE version: Java(TM) SE Runtime Environment (8.0_31-b13) (build 1.8.0_31-b13)
# Java VM: Java HotSpot(TM) 64-Bit Server VM (25.31-b07 mixed mode windows-amd64 compressed oops)
# Failed to write core dump. Minidumps are not enabled by default on client versions of Windows
#

---------------  T H R E A D  ---------------

Current thread (0x0000000002920800):  JavaThread "main" [_thread_in_vm, id=5736, stack(0x0000000002820000,0x0000000002920000)]

Stack: [0x0000000002820000,0x0000000002920000]
Native frames: (J=compiled Java code, j=interpreted, Vv=VM code, C=native code)
V  [jvm.dll+0x3169ba]
V  [jvm.dll+0x2674c3]
V  [jvm.dll+0x268103]
V  [jvm.dll+0x25f8f5]
V  [jvm.dll+0x2614be]
V  [jvm.dll+0x26150e]
V  [jvm.dll+0x5cbde]
V  [jvm.dll+0x5cc61]
V  [jvm.dll+0x5ccfd]
V  [jvm.dll+0x6ea3b]
V  [jvm.dll+0x7174a]
V  [jvm.dll+0x72bb6]
V  [jvm.dll+0x6e857]
V  [jvm.dll+0x540af]
V  [jvm.dll+0x708e5]
V  [jvm.dll+0x1813a1]
V  [jvm.dll+0x18173b]
C  [java.dll+0x1e58]
C  0x0000000002a33894

Java frames: (J=compiled Java code, j=interpreted, Vv=VM code)
j  java.lang.ClassLoader.defineClass1(Ljava/lang/String;[BIILjava/security/ProtectionDomain;Ljava/lang/String;)Ljava/lang/Class;+0
j  java.lang.ClassLoader.defineClass(Ljava/lang/String;[BIILjava/security/ProtectionDomain;)Ljava/lang/Class;+27
j  java.security.SecureClassLoader.defineClass(Ljava/lang/String;[BIILjava/security/CodeSource;)Ljava/lang/Class;+12
j  java.net.URLClassLoader.defineClass(Ljava/lang/String;Lsun/misc/Resource;)Ljava/lang/Class;+220
j  java.net.URLClassLoader.access$100(Ljava/net/URLClassLoader;Ljava/lang/String;Lsun/misc/Resource;)Ljava/lang/Class;+3
j  java.net.URLClassLoader$1.run()Ljava/lang/Class;+43
j  java.net.URLClassLoader$1.run()Ljava/lang/Object;+1
v  ~StubRoutines::call_stub
j  java.security.AccessController.doPrivileged(Ljava/security/PrivilegedExceptionAction;Ljava/security/AccessControlContext;)Ljava/lang/Object;+0
j  java.net.URLClassLoader.findClass(Ljava/lang/String;)Ljava/lang/Class;+13
j  java.lang.ClassLoader.loadClass(Ljava/lang/String;Z)Ljava/lang/Class;+70
j  sun.misc.Launcher$AppClassLoader.loadClass(Ljava/lang/String;Z)Ljava/lang/Class;+36
j  java.lang.ClassLoader.loadClass(Ljava/lang/String;)Ljava/lang/Class;+3
j  sun.launcher.LauncherHelper.checkAndLoadMain(ZILjava/lang/String;)Ljava/lang/Class;+93
v  ~StubRoutines::call_stub

---------------  P R O C E S S  ---------------

Java Threads: ( => current thread )
  0x000000001514b000 JavaThread "Service Thread" daemon [_thread_blocked, id=6600, stack(0x0000000016960000,0x0000000016a60000)]
  0x0000000015140800 JavaThread "C1 CompilerThread2" daemon [_thread_blocked, id=4848, stack(0x0000000016860000,0x0000000016960000)]
  0x000000001513d800 JavaThread "C2 CompilerThread1" daemon [_thread_blocked, id=948, stack(0x0000000016760000,0x0000000016860000)]
  0x00000000150ec800 JavaThread "C2 CompilerThread0" daemon [_thread_blocked, id=4716, stack(0x0000000016660000,0x0000000016760000)]
  0x00000000150ea800 JavaThread "Attach Listener" daemon [_thread_blocked, id=6684, stack(0x0000000016560000,0x0000000016660000)]
  0x00000000150e9000 JavaThread "Signal Dispatcher" daemon [_thread_blocked, id=3572, stack(0x0000000016460000,0x0000000016560000)]
  0x0000000002a15000 JavaThread "Finalizer" daemon [_thread_blocked, id=6812, stack(0x0000000016360000,0x0000000016460000)]
  0x0000000002a0a000 JavaThread "Reference Handler" daemon [_thread_blocked, id=2452, stack(0x0000000016260000,0x0000000016360000)]
=>0x0000000002920800 JavaThread "main" [_thread_in_vm, id=5736, stack(0x0000000002820000,0x0000000002920000)]

Other Threads:
  0x00000000150b5000 VMThread [stack: 0x0000000016160000,0x0000000016260000] [id=1796]
  0x000000001514d800 WatcherThread [stack: 0x0000000016a60000,0x0000000016b60000] [id=5068]

VM state:synchronizing (normal execution)

VM Mutex/Monitor currently owned by a thread:  ([mutex/lock_event])
[0x000000000106b900] SystemDictionary_lock - owner thread: 0x0000000002920800
[0x000000000106c650] Threads_lock - owner thread: 0x00000000150b5000

Heap:
 PSYoungGen      total 27648K, used 1925K [0x00000000eab00000, 0x00000000ec980000, 0x0000000100000000)
  eden space 24064K, 8% used [0x00000000eab00000,0x00000000eace16c0,0x00000000ec280000)
  from space 3584K, 0% used [0x00000000ec600000,0x00000000ec600000,0x00000000ec980000)
  to   space 3584K, 0% used [0x00000000ec280000,0x00000000ec280000,0x00000000ec600000)
 ParOldGen       total 62976K, used 0K [0x00000000c0000000, 0x00000000c3d80000, 0x00000000eab00000)
  object space 62976K, 0% used [0x00000000c0000000,0x00000000c0000000,0x00000000c3d80000)
 Metaspace       used 2818K, capacity 4486K, committed 4864K, reserved 1056768K
  class space    used 303K, capacity 386K, committed 512K, reserved 1048576K

Card table byte_map: [0x0000000011de0000,0x0000000011ff0000] byte_map_base: 0x00000000117e0000

Marking Bits: (ParMarkBitMap*) 0x000000005651d4f0
 Begin Bits: [0x0000000012550000, 0x0000000013550000)
 End Bits:   [0x0000000013550000, 0x0000000014550000)

Polling page: 0x0000000000e60000

CodeCache: size=245760Kb used=1151Kb max_used=1160Kb free=244608Kb
 bounds [0x0000000002a20000, 0x0000000002c90000, 0x0000000011a20000]
 total_blobs=281 nmethods=44 adapters=152
 compilation: enabled

Compilation events (10 events):
Event: 2.165 Thread 0x0000000015140800 nmethod 35 0x0000000002b3d510 code [0x0000000002b3d660, 0x0000000002b3d850]
Event: 2.165 Thread 0x0000000015140800   38       3       java.util.zip.CRC32::update (16 bytes)
Event: 2.165 Thread 0x0000000015140800 nmethod 38 0x0000000002b3d910 code [0x0000000002b3da80, 0x0000000002b3dc28]
Event: 2.172 Thread 0x000000001513d800   40       4       java.lang.String::charAt (29 bytes)
Event: 2.172 Thread 0x0000000015140800   41       3       java.util.jar.Attributes$Name::isValid (32 bytes)
Event: 2.172 Thread 0x0000000015140800 nmethod 41 0x0000000002b3e490 code [0x0000000002b3e620, 0x0000000002b3eab0]
Event: 2.172 Thread 0x0000000015140800   42       3       java.util.jar.Attributes$Name::isAlpha (30 bytes)
Event: 2.172 Thread 0x0000000015140800 nmethod 42 0x0000000002b3ed90 code [0x0000000002b3ef00, 0x0000000002b3f130]
Event: 2.173 Thread 0x000000001513d800 nmethod 40 0x0000000002b41e50 code [0x0000000002b41f80, 0x0000000002b42038]
Event: 2.178 Thread 0x0000000015140800   43       3       java.util.HashMap::newNode (13 bytes)

GC Heap History (0 events):
No events

Deoptimization events (0 events):
No events

Internal exceptions (3 events):
Event: 0.622 Thread 0x0000000002920800 Exception <a 'java/lang/NoSuchMethodError': Method sun.misc.Unsafe.defineClass(Ljava/lang/String;[BII)Ljava/lang/Class; name or signature does not match> (0x00000000eab0c1f0) thrown at [C:\workspace\8-2-build-windows-amd64-cygwin\jdk8u31\2394\hotspot\src\sì≠èœÁ„?
Event: 0.622 Thread 0x0000000002920800 Exception <a 'java/lang/NoSuchMethodError': Method sun.misc.Unsafe.prefetchRead(Ljava/lang/Object;J)V name or signature does not match> (0x00000000eab0c480) thrown at [C:\workspace\8-2-build-windows-amd64-cygwin\jdk8u31\2394\hotspot\src\share\vm\prims\jni.ÈÚ?fä
Event: 2.068 Thread 0x0000000002920800 Exception <a 'java/security/PrivilegedActionException'> (0x00000000eab5de78) thrown at [C:\workspace\8-2-build-windows-amd64-cygwin\jdk8u31\2394\hotspot\src\share\vm\prims\jvm.cpp, line 1312]

Events (10 events):
Event: 2.176 loading class java/io/FilePermission$1
Event: 2.177 loading class java/io/FilePermission$1 done
Event: 2.177 loading class java/io/FilePermissionCollection
Event: 2.177 loading class java/io/FilePermissionCollection done
Event: 2.177 loading class java/security/AllPermission
Event: 2.177 loading class java/security/AllPermission done
Event: 2.177 loading class java/security/UnresolvedPermission
Event: 2.177 loading class java/security/UnresolvedPermission done
Event: 2.177 loading class java/security/BasicPermissionCollection
Event: 2.178 loading class java/security/BasicPermissionCollection done


Dynamic libraries:
0x00007ff7da0a0000 - 0x00007ff7da0d4000 	C:\Program Files\Java\jdk1.8.0_31\bin\java.exe
0x00007fff40620000 - 0x00007fff407cc000 	C:\Windows\SYSTEM32\ntdll.dll
0x00007fff3fea0000 - 0x00007fff3ffda000 	C:\Windows\system32\KERNEL32.DLL
0x00007fff3dc60000 - 0x00007fff3dd6f000 	C:\Windows\system32\KERNELBASE.dll
0x00007fff3c470000 - 0x00007fff3c4f8000 	C:\Windows\system32\apphelp.dll
0x00007fff38a80000 - 0x00007fff38acf000 	C:\Windows\AppPatch\AppPatch64\AcGenral.DLL
0x00007fff40210000 - 0x00007fff402b7000 	C:\Windows\system32\msvcrt.dll
0x00007fff3d630000 - 0x00007fff3d65b000 	C:\Windows\SYSTEM32\SspiCli.dll
0x00007fff405c0000 - 0x00007fff40611000 	C:\Windows\system32\SHLWAPI.dll
0x00007fff3ffe0000 - 0x00007fff40151000 	C:\Windows\system32\USER32.dll
0x00007fff3f420000 - 0x00007fff3f598000 	C:\Windows\system32\ole32.dll
0x00007fff3dee0000 - 0x00007fff3f3f8000 	C:\Windows\system32\SHELL32.dll
0x00007fff3ce50000 - 0x00007fff3ce6e000 	C:\Windows\SYSTEM32\USERENV.dll
0x00007fff40510000 - 0x00007fff405b5000 	C:\Windows\system32\ADVAPI32.dll
0x00007fff340b0000 - 0x00007fff340cb000 	C:\Windows\SYSTEM32\MPR.dll
0x00007fff3f790000 - 0x00007fff3f8c7000 	C:\Windows\system32\RPCRT4.dll
0x00007fff3f8d0000 - 0x00007fff3f927000 	C:\Windows\SYSTEM32\sechost.dll
0x00007fff3f930000 - 0x00007fff3fb06000 	C:\Windows\SYSTEM32\combase.dll
0x00007fff3fd50000 - 0x00007fff3fe94000 	C:\Windows\system32\GDI32.dll
0x00007fff3d860000 - 0x00007fff3d874000 	C:\Windows\SYSTEM32\profapi.dll
0x00007fff3bca0000 - 0x00007fff3bd52000 	C:\Windows\SYSTEM32\SHCORE.dll
0x00007fff401d0000 - 0x00007fff40204000 	C:\Windows\system32\IMM32.DLL
0x00007fff3dd80000 - 0x00007fff3ded1000 	C:\Windows\system32\MSCTF.dll
0x00007fff3b040000 - 0x00007fff3b29a000 	C:\Windows\WinSxS\amd64_microsoft.windows.common-controls_6595b64144ccf1df_6.0.9600.17031_none_6242a4b3ecbb55a1\COMCTL32.dll
0x0000000055880000 - 0x0000000055952000 	C:\Program Files\Java\jdk1.8.0_31\jre\bin\msvcr100.dll
0x0000000055d40000 - 0x000000005659a000 	C:\Program Files\Java\jdk1.8.0_31\jre\bin\server\jvm.dll
0x00007fff3b720000 - 0x00007fff3b729000 	C:\Windows\SYSTEM32\WSOCK32.dll
0x00007fff399d0000 - 0x00007fff399ef000 	C:\Windows\SYSTEM32\WINMM.dll
0x00007fff40500000 - 0x00007fff40507000 	C:\Windows\system32\PSAPI.DLL
0x00007fff403d0000 - 0x00007fff40428000 	C:\Windows\system32\WS2_32.dll
0x00007fff38860000 - 0x00007fff3888a000 	C:\Windows\SYSTEM32\WINMMBASE.dll
0x00007fff3dd70000 - 0x00007fff3dd79000 	C:\Windows\system32\NSI.dll
0x00007fff3dc10000 - 0x00007fff3dc5a000 	C:\Windows\SYSTEM32\cfgmgr32.dll
0x00007fff3c6f0000 - 0x00007fff3c716000 	C:\Windows\SYSTEM32\DEVOBJ.dll
0x0000000055d30000 - 0x0000000055d3f000 	C:\Program Files\Java\jdk1.8.0_31\jre\bin\verify.dll
0x0000000055d00000 - 0x0000000055d28000 	C:\Program Files\Java\jdk1.8.0_31\jre\bin\java.dll
0x0000000055ce0000 - 0x0000000055cf6000 	C:\Program Files\Java\jdk1.8.0_31\jre\bin\zip.dll
0x00007fff33850000 - 0x00007fff339d8000 	C:\Windows\SYSTEM32\dbghelp.dll

VM Arguments:
jvm_args: -Xmx1024M -Dfile.encoding=windows-1252 -Duser.country=BR -Duser.language=pt -Duser.variant 
java_command: com.android.dx.command.Main --dex --output C:\Users\paulo_000\AndroidStudioProjects\android-play-location-master\ExemploMapas\app\build\intermediates\pre-dexed\debug\classes-9739ff3b762399798fbb952c0c530672a391d612.jar C:\Users\paulo_000\AndroidStudioProjects\android-play-location-master\ExemploMapas\app\build\intermediates\exploded-aar\com.android.support\support-v4\22.0.0\classes.jar
java_class_path (initial): C:\Users\paulo_000\AppData\Local\Android\sdk\build-tools\21.1.2\lib\dx.jar
Launcher Type: SUN_STANDARD

Environment Variables:
PATH=C:\ProgramData\Oracle\Java\javapath;C:\Windows\system32;C:\Windows;C:\Windows\System32\Wbem;C:\Windows\System32\WindowsPowerShell\v1.0\;C:\Program Files (x86)\Skype\Phone\
USERNAME=paulo_000
OS=Windows_NT
PROCESSOR_IDENTIFIER=Intel64 Family 6 Model 37 Stepping 5, GenuineIntel



---------------  S Y S T E M  ---------------

OS: Windows 8.1 , 64 bit Build 9600 

CPU:total 4 (2 cores per cpu, 2 threads per core) family 6 model 37 stepping 5, cmov, cx8, fxsr, mmx, sse, sse2, sse3, ssse3, sse4.1, sse4.2, popcnt, ht, tsc, tscinvbit

Memory: 4k page, physical 6020212k(843776k free), swap 7003252k(856k free)

vm_info: Java HotSpot(TM) 64-Bit Server VM (25.31-b07) for windows-amd64 JRE (1.8.0_31-b13), built on Dec 17 2014 21:00:28 by "java_re" with MS VC++ 10.0 (VS2010)

time: Tue Apr 21 19:18:33 2015
elapsed time: 3 seconds (0d 0h 0m 3s)

